<?xml version="1.0" encoding="UTF-8"?>
<!-- Generated by org.testng.reporters.JUnitXMLReporter -->
<testsuite ignored="9" hostname="DESKTOP-SNDL0E0" failures="0" tests="3" name="Test" time="0.064" errors="0" timestamp="2020-02-04T18:58:14 IST">
  <testcase classname="TestngPackage.Thirdtestng" name="Thirdtestng2" time="0.013"/>
  <testcase classname="TestngPackage.Thirdtestng" name="different1" time="0.003"/>
  <testcase classname="TestngPackage.Forthtestng" name="forthtest2" time="0.002"/>
  <testcase classname="TestngPackage.Thirdtestng" name="Thirdtestng4" time="0.0">
    <ignored/>
  </testcase> <!-- Thirdtestng4 -->
  <testcase classname="TestngPackage.Forthtestng" name="forthtest1" time="0.0">
    <ignored/>
  </testcase> <!-- forthtest1 -->
  <testcase classname="TestngPackage.Thirdtestng" name="Thirdtestng3" time="0.0">
    <ignored/>
  </testcase> <!-- Thirdtestng3 -->
  <testcase classname="TestngPackage.Thirdtestng" name="different3" time="0.0">
    <ignored/>
  </testcase> <!-- different3 -->
  <testcase classname="TestngPackage.Thirdtestng" name="different2" time="0.0">
    <ignored/>
  </testcase> <!-- different2 -->
  <testcase classname="TestngPackage.Forthtestng" name="forthtest3" time="0.0">
    <ignored/>
  </testcase> <!-- forthtest3 -->
  <testcase classname="TestngPackage.SecondTestng" name="second" time="0.0">
    <ignored/>
  </testcase> <!-- second -->
  <testcase classname="TestngPackage.Thirdtestng" name="Thirdtestng1" time="0.0">
    <ignored/>
  </testcase> <!-- Thirdtestng1 -->
  <testcase classname="TestngPackage.FirstTestng" name="f" time="0.0">
    <ignored/>
  </testcase> <!-- f -->
</testsuite> <!-- Test -->
