<?xml version="1.0" encoding="UTF-8"?>
<!-- Generated by org.testng.reporters.JUnitXMLReporter -->
<testsuite ignored="6" hostname="DESKTOP-SNDL0E0" failures="0" tests="4" name="Test2" time="0.081" errors="0" timestamp="2020-02-04T16:59:26 IST">
  <testcase classname="TestngPackage.Thirdtestng" name="different1" time="0.008"/>
  <testcase classname="TestngPackage.Thirdtestng" name="different2" time="0.005"/>
  <testcase classname="TestngPackage.Thirdtestng" name="different3" time="0.003"/>
  <testcase classname="TestngPackage.Forthtestng" name="forthtest1" time="0.003"/>
  <testcase classname="TestngPackage.Thirdtestng" name="Thirdtestng4" time="0.0">
    <ignored/>
  </testcase> <!-- Thirdtestng4 -->
  <testcase classname="TestngPackage.Thirdtestng" name="Thirdtestng3" time="0.0">
    <ignored/>
  </testcase> <!-- Thirdtestng3 -->
  <testcase classname="TestngPackage.Forthtestng" name="forthtest3" time="0.0">
    <ignored/>
  </testcase> <!-- forthtest3 -->
  <testcase classname="TestngPackage.Thirdtestng" name="Thirdtestng2" time="0.0">
    <ignored/>
  </testcase> <!-- Thirdtestng2 -->
  <testcase classname="TestngPackage.Thirdtestng" name="Thirdtestng1" time="0.0">
    <ignored/>
  </testcase> <!-- Thirdtestng1 -->
  <testcase classname="TestngPackage.Forthtestng" name="forthtest2" time="0.0">
    <ignored/>
  </testcase> <!-- forthtest2 -->
</testsuite> <!-- Test2 -->
